#
# There is insufficient memory for the Java Runtime Environment to continue.
# Native memory allocation (mmap) failed to map 264241152 bytes for G1 virtual space
# Possible reasons:
#   The system is out of physical RAM or swap space
#   The process is running with CompressedOops enabled, and the Java Heap may be blocking the growth of the native heap
# Possible solutions:
#   Reduce memory load on the system
#   Increase physical memory or swap space
#   Check if swap backing store is full
#   Decrease Java heap size (-Xmx/-Xms)
#   Decrease number of Java threads
#   Decrease Java thread stack sizes (-Xss)
#   Set larger code cache with -XX:ReservedCodeCacheSize=
#   JVM is running with Zero Based Compressed Oops mode in which the Java heap is
#     placed in the first 32GB address space. The Java Heap base address is the
#     maximum limit for the native heap growth. Please use -XX:HeapBaseMinAddress
#     to set the Java Heap base and to place the Java Heap above 32GB virtual address.
# This output file may be truncated or incomplete.
#
#  Out of Memory Error (os_windows.cpp:3769), pid=19984, tid=19312
#
# JRE version:  (17.0.6) (build )
# Java VM: OpenJDK 64-Bit Server VM (17.0.6+0-b2043.56-10027231, mixed mode, sharing, tiered, compressed oops, compressed class ptrs, g1 gc, windows-amd64)
# No core dump will be written. Minidumps are not enabled by default on client versions of Windows
#

---------------  S U M M A R Y ------------

Command Line: org.jetbrains.kotlin.cli.jvm.K2JVMCompiler @C:\Users\Hashem Arenat\AndroidStudioProjects\ECommerce\app\build\20240522_14052698939222948135.compiler.options

Host: 12th Gen Intel(R) Core(TM) i7-12700H, 20 cores, 15G,  Windows 11 , 64 bit Build 22621 (10.0.22621.3374)
Time: Wed May 22 19:29:38 2024 Jerusalem Daylight Time elapsed time: 0.008252 seconds (0d 0h 0m 0s)

---------------  T H R E A D  ---------------

Current thread (0x0000028383142ac0):  JavaThread "Unknown thread" [_thread_in_vm, id=19312, stack(0x000000fdfc500000,0x000000fdfc600000)]

Stack: [0x000000fdfc500000,0x000000fdfc600000]
Native frames: (J=compiled Java code, j=interpreted, Vv=VM code, C=native code)
V  [jvm.dll+0x683c9a]
V  [jvm.dll+0x8427a4]
V  [jvm.dll+0x843f9e]
V  [jvm.dll+0x844603]
V  [jvm.dll+0x249b75]
V  [jvm.dll+0x680b69]
V  [jvm.dll+0x67505a]
V  [jvm.dll+0x309acb]
V  [jvm.dll+0x310f86]
V  [jvm.dll+0x3608ee]
V  [jvm.dll+0x360b1f]
V  [jvm.dll+0x2dfbf8]
V  [jvm.dll+0x2e0b64]
V  [jvm.dll+0x814091]
V  [jvm.dll+0x36e6a1]
V  [jvm.dll+0x7f35cc]
V  [jvm.dll+0x3f0e8f]
V  [jvm.dll+0x3f29d1]
C  [jli.dll+0x526b]
C  [ucrtbase.dll+0x29333]
C  [KERNEL32.DLL+0x1257d]
C  [ntdll.dll+0x5aa48]


---------------  P R O C E S S  ---------------

Threads class SMR info:
_java_thread_list=0x00007ffd9c74c058, length=0, elements={
}

Java Threads: ( => current thread )

Other Threads:
  0x00000283831acc40 GCTaskThread "GC Thread#0" [stack: 0x000000fdfc600000,0x000000fdfc700000] [id=3280]
  0x00000283831bd590 ConcurrentGCThread "G1 Main Marker" [stack: 0x000000fdfc700000,0x000000fdfc800000] [id=18996]
  0x00000283831bdfa0 ConcurrentGCThread "G1 Conc#0" [stack: 0x000000fdfc800000,0x000000fdfc900000] [id=14324]

[error occurred during error reporting (printing all threads), id 0xc0000005, EXCEPTION_ACCESS_VIOLATION (0xc0000005) at pc=0x00007ffd9bf00797]

VM state: not at safepoint (not fully initialized)

VM Mutex/Monitor currently owned by a thread:  ([mutex/lock_event])
[0x000002838313f0f0] Heap_lock - owner thread: 0x0000028383142ac0

Heap address: 0x0000000705e00000, size: 4002 MB, Compressed Oops mode: Zero based, Oop shift amount: 3

CDS archive(s) mapped at: [0x0000000000000000-0x0000000000000000-0x0000000000000000), size 0, SharedBaseAddress: 0x0000000800000000, ArchiveRelocationMode: 0.
Narrow klass base: 0x0000000000000000, Narrow klass shift: 0, Narrow klass range: 0x0

GC Precious Log:
<Empty>

Heap:
 garbage-first heap   total 0K, used 0K [0x0000000705e00000, 0x0000000800000000)
  region size 2048K, 0 young (0K), 0 survivors (0K)

[error occurred during error reporting (printing heap information), id 0xc0000005, EXCEPTION_ACCESS_VIOLATION (0xc0000005) at pc=0x00007ffd9c2eda89]

GC Heap History (0 events):
No events

Dll operation events (1 events):
Event: 0.005 Loaded shared library C:\Program Files\Android\Android Studio\jbr\bin\java.dll

Deoptimization events (0 events):
No events

Classes unloaded (0 events):
No events

Classes redefined (0 events):
No events

Internal exceptions (0 events):
No events

VM Operations (0 events):
No events

Events (0 events):
No events


Dynamic libraries:
0x00007ff715ae0000 - 0x00007ff715aea000 	C:\Program Files\Android\Android Studio\jbr\bin\java.exe
0x00007ffdf8b30000 - 0x00007ffdf8d46000 	C:\WINDOWS\SYSTEM32\ntdll.dll
0x00007ffdf6d90000 - 0x00007ffdf6e54000 	C:\WINDOWS\System32\KERNEL32.DLL
0x00007ffdf5ff0000 - 0x00007ffdf6397000 	C:\WINDOWS\System32\KERNELBASE.dll
0x00007ffdf6440000 - 0x00007ffdf6551000 	C:\WINDOWS\System32\ucrtbase.dll
0x00007ffde2db0000 - 0x00007ffde2dc7000 	C:\Program Files\Android\Android Studio\jbr\bin\jli.dll
0x00007ffdc3b30000 - 0x00007ffdc3b4b000 	C:\Program Files\Android\Android Studio\jbr\bin\VCRUNTIME140.dll
0x00007ffdf8750000 - 0x00007ffdf88fe000 	C:\WINDOWS\System32\USER32.dll
0x00007ffdf63a0000 - 0x00007ffdf63c6000 	C:\WINDOWS\System32\win32u.dll
0x00007ffddb100000 - 0x00007ffddb393000 	C:\WINDOWS\WinSxS\amd64_microsoft.windows.common-controls_6595b64144ccf1df_6.0.22621.3235_none_270f74e173860f98\COMCTL32.dll
0x00007ffdf7260000 - 0x00007ffdf7289000 	C:\WINDOWS\System32\GDI32.dll
0x00007ffdf5ed0000 - 0x00007ffdf5fe9000 	C:\WINDOWS\System32\gdi32full.dll
0x00007ffdf86a0000 - 0x00007ffdf8747000 	C:\WINDOWS\System32\msvcrt.dll
0x00007ffdf66d0000 - 0x00007ffdf676a000 	C:\WINDOWS\System32\msvcp_win.dll
0x00007ffdf8ab0000 - 0x00007ffdf8ae1000 	C:\WINDOWS\System32\IMM32.DLL
0x00007ffdf0c40000 - 0x00007ffdf0c4c000 	C:\Program Files\Android\Android Studio\jbr\bin\vcruntime140_1.dll
0x00007ffdc14c0000 - 0x00007ffdc154d000 	C:\Program Files\Android\Android Studio\jbr\bin\msvcp140.dll
0x00007ffd9bc10000 - 0x00007ffd9c87e000 	C:\Program Files\Android\Android Studio\jbr\bin\server\jvm.dll
0x00007ffdf7780000 - 0x00007ffdf7832000 	C:\WINDOWS\System32\ADVAPI32.dll
0x00007ffdf6ce0000 - 0x00007ffdf6d88000 	C:\WINDOWS\System32\sechost.dll
0x00007ffdf6770000 - 0x00007ffdf6798000 	C:\WINDOWS\System32\bcrypt.dll
0x00007ffdf6ed0000 - 0x00007ffdf6fe5000 	C:\WINDOWS\System32\RPCRT4.dll
0x00007ffdf27a0000 - 0x00007ffdf27a9000 	C:\WINDOWS\SYSTEM32\WSOCK32.dll
0x00007ffdf8a10000 - 0x00007ffdf8a81000 	C:\WINDOWS\System32\WS2_32.dll
0x00007ffdedb10000 - 0x00007ffdedb44000 	C:\WINDOWS\SYSTEM32\WINMM.dll
0x00007ffdeacc0000 - 0x00007ffdeacca000 	C:\WINDOWS\SYSTEM32\VERSION.dll
0x00007ffdf4ee0000 - 0x00007ffdf4ef8000 	C:\WINDOWS\SYSTEM32\kernel.appcore.dll
0x00007ffdf25f0000 - 0x00007ffdf25fa000 	C:\Program Files\Android\Android Studio\jbr\bin\jimage.dll
0x00007ffdf36c0000 - 0x00007ffdf38f3000 	C:\WINDOWS\SYSTEM32\DBGHELP.DLL
0x00007ffdf7aa0000 - 0x00007ffdf7e28000 	C:\WINDOWS\System32\combase.dll
0x00007ffdf7950000 - 0x00007ffdf7a27000 	C:\WINDOWS\System32\OLEAUT32.dll
0x00007ffde63c0000 - 0x00007ffde63f2000 	C:\WINDOWS\SYSTEM32\dbgcore.DLL
0x00007ffdf5e50000 - 0x00007ffdf5ec9000 	C:\WINDOWS\System32\bcryptPrimitives.dll
0x00007ffdf0ab0000 - 0x00007ffdf0ad5000 	C:\Program Files\Android\Android Studio\jbr\bin\java.dll

dbghelp: loaded successfully - version: 4.0.5 - missing functions: none
symbol engine: initialized successfully - sym options: 0x614 - pdb path: .;C:\Program Files\Android\Android Studio\jbr\bin;C:\WINDOWS\SYSTEM32;C:\WINDOWS\WinSxS\amd64_microsoft.windows.common-controls_6595b64144ccf1df_6.0.22621.3235_none_270f74e173860f98;C:\Program Files\Android\Android Studio\jbr\bin\server

VM Arguments:
java_command: org.jetbrains.kotlin.cli.jvm.K2JVMCompiler @C:\Users\Hashem Arenat\AndroidStudioProjects\ECommerce\app\build\20240522_14052698939222948135.compiler.options
java_class_path (initial): C:\Users\Hashem Arenat\.gradle\caches\modules-2\files-2.1\org.jetbrains.kotlin\kotlin-compiler-embeddable\1.9.0\2c8c3a7402becca891f12739b3e9fd2dc2adbd7a\kotlin-compiler-embeddable-1.9.0.jar;C:\Users\Hashem Arenat\.gradle\caches\modules-2\files-2.1\org.jetbrains.kotlin\kotlin-stdlib\1.9.0\8ee15ef0c67dc83d874f412d84378d7f0eb50b63\kotlin-stdlib-1.9.0.jar;C:\Users\Hashem Arenat\.gradle\caches\modules-2\files-2.1\org.jetbrains.kotlin\kotlin-script-runtime\1.9.0\4b3102cbbb7e1b58d9d1adf89563f00069ffa7d1\kotlin-script-runtime-1.9.0.jar;C:\Users\Hashem Arenat\.gradle\caches\modules-2\files-2.1\org.jetbrains.kotlin\kotlin-reflect\1.6.10\1cbe9c92c12a94eea200d23c2bbaedaf3daf5132\kotlin-reflect-1.6.10.jar;C:\Users\Hashem Arenat\.gradle\caches\modules-2\files-2.1\org.jetbrains.kotlin\kotlin-daemon-embeddable\1.9.0\186543f5e28cf8d9a0290fecc2cf34301c40a65c\kotlin-daemon-embeddable-1.9.0.jar;C:\Users\Hashem Arenat\.gradle\caches\modules-2\files-2.1\org.jetbrains.intellij.deps\trove4j\1.0.20200330\3afb14d5f9ceb459d724e907a21145e8ff394f02\trove4j-1.0.20200330.jar;C:\Users\Hashem Arenat\.gradle\caches\modules-2\files-2.1\org.jetbrains.kotlin\kotlin-stdlib-common\1.9.0\cd65c21cfd1eec4d44ef09f9f52b6d9f8a720636\kotlin-stdlib-common-1.9.0.jar;C:\Users\Hashem Arenat\.gradle\caches\modules-2\files-2.1\org.jetbrains\annotations\13.0\919f0dfe192fb4e063e7dacadee7f8bb9a2672a9\annotations-13.0.jar
Launcher Type: SUN_STANDARD

[Global flags]
     intx CICompilerCount                          = 12                                        {product} {ergonomic}
     uint ConcGCThreads                            = 4                                         {product} {ergonomic}
     uint G1ConcRefinementThreads                  = 15                                        {product} {ergonomic}
   size_t G1HeapRegionSize                         = 2097152                                   {product} {ergonomic}
    uintx GCDrainStackTargetSize                   = 64                                        {product} {ergonomic}
   size_t InitialHeapSize                          = 264241152                                 {product} {ergonomic}
   size_t MarkStackSize                            = 4194304                                   {product} {ergonomic}
   size_t MaxHeapSize                              = 4196401152                                {product} {ergonomic}
   size_t MinHeapDeltaBytes                        = 2097152                                   {product} {ergonomic}
   size_t MinHeapSize                              = 8388608                                   {product} {ergonomic}
    uintx NonNMethodCodeHeapSize                   = 7602480                                {pd product} {ergonomic}
    uintx NonProfiledCodeHeapSize                  = 122027880                              {pd product} {ergonomic}
    uintx ProfiledCodeHeapSize                     = 122027880                              {pd product} {ergonomic}
    uintx ReservedCodeCacheSize                    = 251658240                              {pd product} {ergonomic}
     bool SegmentedCodeCache                       = true                                      {product} {ergonomic}
   size_t SoftMaxHeapSize                          = 4196401152                             {manageable} {ergonomic}
     bool UseCompressedClassPointers               = true                           {product lp64_product} {ergonomic}
     bool UseCompressedOops                        = true                           {product lp64_product} {ergonomic}
     bool UseG1GC                                  = true                                      {product} {ergonomic}
     bool UseLargePagesIndividualAllocation        = false                                  {pd product} {ergonomic}

Logging:
Log output configuration:
 #0: stdout all=warning uptime,level,tags
 #1: stderr all=off uptime,level,tags

Environment Variables:
JAVA_HOME=C:\Program Files\Java\jdk-21
PATH=C:\oraclexe\app\oracle\product\10.2.0\server\bin;D:\DevSuiteHome_1\jdk\jre\bin\classic;D:\DevSuiteHome_1\jdk\jre\bin;D:\DevSuiteHome_1\jdk\jre\bin\client;D:\DevSuiteHome_1\jlib;D:\DevSuiteHome_1\bin;D:\DevSuiteHome_1\jre\1.4.2\bin\client;D:\DevSuiteHome_1\jre\1.4.2\bin;C:\Program Files\Common Files\Oracle\Java\javapath;C:\WINDOWS\system32;C:\WINDOWS;C:\WINDOWS\System32\Wbem;C:\WINDOWS\System32\WindowsPowerShell\v1.0\;C:\WINDOWS\System32\OpenSSH\;C:\MinGW\bin;C:\Program Files\Java\jdk-21\bin;C:\Program Files\Git\cmd;C:\Users\Hashem Arenat\AppData\Local\Microsoft\WindowsApps;C:\AppServ\Apache24\bin;C:\AppServ\php7;C:\AppServ\MySQL\bin;C:\Program Files\Java\jdk-21\bin;C:\scrcpy-win64-v2.2;C:\dart-sdk\bin;C:\Users\Hashem Arenat\AppData\Local\Programs\Microsoft VS Code\bin;C:\flutter\bin;C:\Users\Hashem Arenat\Desktop\cmder\bin;
USERNAME=Hashem 1
OS=Windows_NT
PROCESSOR_IDENTIFIER=Intel64 Family 6 Model 154 Stepping 3, GenuineIntel
TMP=C:\Users\HASHEM~1\AppData\Local\Temp
TEMP=C:\Users\HASHEM~1\AppData\Local\Temp


JNI global refs:

[error occurred during error reporting (JNI global references), id 0xc0000005, EXCEPTION_ACCESS_VIOLATION (0xc0000005) at pc=0x00007ffd9bcc7a10]


---------------  S Y S T E M  ---------------

OS:
 Windows 11 , 64 bit Build 22621 (10.0.22621.3374)
OS uptime: 5 days 21:18 hours
Hyper-V role detected

CPU: total 20 (initial active 20) (10 cores per cpu, 2 threads per core) family 6 model 154 stepping 3 microcode 0x429, cx8, cmov, fxsr, ht, mmx, 3dnowpref, sse, sse2, sse3, ssse3, sse4.1, sse4.2, popcnt, lzcnt, tsc, tscinvbit, avx, avx2, aes, erms, clmul, bmi1, bmi2, adx, sha, fma, vzeroupper, clflush, clflushopt, clwb, hv

Memory: 4k page, system-wide physical 16004M (1974M free)
TotalPageFile size 18017M (AvailPageFile size 95M)
current process WorkingSet (physical memory assigned to process): 11M, peak: 11M
current process commit charge ("private bytes"): 75M, peak: 327M

vm_info: OpenJDK 64-Bit Server VM (17.0.6+0-b2043.56-10027231) for windows-amd64 JRE (17.0.6+0-b2043.56-10027231), built on Apr 28 2023 00:43:19 by "androidbuild" with MS VC++ 16.10 / 16.11 (VS2019)

END.
