#
# There is insufficient memory for the Java Runtime Environment to continue.
# Native memory allocation (malloc) failed to allocate 708768 bytes for Chunk::new
# Possible reasons:
#   The system is out of physical RAM or swap space
#   The process is running with CompressedOops enabled, and the Java Heap may be blocking the growth of the native heap
# Possible solutions:
#   Reduce memory load on the system
#   Increase physical memory or swap space
#   Check if swap backing store is full
#   Decrease Java heap size (-Xmx/-Xms)
#   Decrease number of Java threads
#   Decrease Java thread stack sizes (-Xss)
#   Set larger code cache with -XX:ReservedCodeCacheSize=
#   JVM is running with Zero Based Compressed Oops mode in which the Java heap is
#     placed in the first 32GB address space. The Java Heap base address is the
#     maximum limit for the native heap growth. Please use -XX:HeapBaseMinAddress
#     to set the Java Heap base and to place the Java Heap above 32GB virtual address.
# This output file may be truncated or incomplete.
#
#  Out of Memory Error (arena.cpp:189), pid=17584, tid=17752
#
# JRE version: OpenJDK Runtime Environment (17.0.6) (build 17.0.6+0-b2043.56-10027231)
# Java VM: OpenJDK 64-Bit Server VM (17.0.6+0-b2043.56-10027231, mixed mode, tiered, compressed oops, compressed class ptrs, g1 gc, windows-amd64)
# No core dump will be written. Minidumps are not enabled by default on client versions of Windows
#

---------------  S U M M A R Y ------------

Command Line: org.jetbrains.kotlin.cli.jvm.K2JVMCompiler @C:\Users\Hashem Arenat\AndroidStudioProjects\ECommerce\app\build\20240502_1781382366604590298.compiler.options

Host: 12th Gen Intel(R) Core(TM) i7-12700H, 20 cores, 15G,  Windows 11 , 64 bit Build 22621 (10.0.22621.3374)
Time: Thu May  2 10:14:14 2024 Jerusalem Daylight Time elapsed time: 0.951702 seconds (0d 0h 0m 0s)

---------------  T H R E A D  ---------------

Current thread (0x000001609b48cd10):  JavaThread "C2 CompilerThread2" daemon [_thread_in_native, id=17752, stack(0x0000003003c00000,0x0000003003d00000)]


Current CompileTask:
C2:    951 1711   !   4       jdk.internal.loader.URLClassPath$JarLoader::getResource (65 bytes)

Stack: [0x0000003003c00000,0x0000003003d00000]
Native frames: (J=compiled Java code, j=interpreted, Vv=VM code, C=native code)
V  [jvm.dll+0x683c9a]
V  [jvm.dll+0x8427a4]
V  [jvm.dll+0x843f9e]
V  [jvm.dll+0x844603]
V  [jvm.dll+0x249b75]
V  [jvm.dll+0xabcac]
V  [jvm.dll+0xac27c]
V  [jvm.dll+0x368857]
V  [jvm.dll+0x332f31]
V  [jvm.dll+0x3323da]
V  [jvm.dll+0x21c201]
V  [jvm.dll+0x21b621]
V  [jvm.dll+0x1a4fdd]
V  [jvm.dll+0x22b098]
V  [jvm.dll+0x229159]
V  [jvm.dll+0x7f81ec]
V  [jvm.dll+0x7f274a]
V  [jvm.dll+0x682ad5]
C  [ucrtbase.dll+0x29333]
C  [KERNEL32.DLL+0x1257d]
C  [ntdll.dll+0x5aa48]


---------------  P R O C E S S  ---------------

Threads class SMR info:
_java_thread_list=0x000001609b397500, length=17, elements={
0x00000160fa85e700, 0x000001609ac53630, 0x000001609ac8c190, 0x000001609acb5a10,
0x000001609acb94f0, 0x000001609acbbfb0, 0x000001609acbc960, 0x000001609acbd6f0,
0x000001609accfbb0, 0x000001609acd25b0, 0x000001609adb0ec0, 0x000001609ae93db0,
0x000001609ae99560, 0x000001609aeaa9c0, 0x000001609af01060, 0x000001609b25ae80,
0x000001609b48cd10
}

Java Threads: ( => current thread )
  0x00000160fa85e700 JavaThread "main" [_thread_in_vm, id=17640, stack(0x0000003002000000,0x0000003002100000)]
  0x000001609ac53630 JavaThread "Reference Handler" daemon [_thread_blocked, id=17668, stack(0x0000003002700000,0x0000003002800000)]
  0x000001609ac8c190 JavaThread "Finalizer" daemon [_thread_blocked, id=17672, stack(0x0000003002800000,0x0000003002900000)]
  0x000001609acb5a10 JavaThread "Signal Dispatcher" daemon [_thread_blocked, id=17676, stack(0x0000003002900000,0x0000003002a00000)]
  0x000001609acb94f0 JavaThread "Attach Listener" daemon [_thread_blocked, id=17680, stack(0x0000003002a00000,0x0000003002b00000)]
  0x000001609acbbfb0 JavaThread "Service Thread" daemon [_thread_blocked, id=17684, stack(0x0000003002b00000,0x0000003002c00000)]
  0x000001609acbc960 JavaThread "Monitor Deflation Thread" daemon [_thread_blocked, id=17688, stack(0x0000003002c00000,0x0000003002d00000)]
  0x000001609acbd6f0 JavaThread "C2 CompilerThread0" daemon [_thread_blocked, id=17692, stack(0x0000003002d00000,0x0000003002e00000)]
  0x000001609accfbb0 JavaThread "C1 CompilerThread0" daemon [_thread_blocked, id=17696, stack(0x0000003002e00000,0x0000003002f00000)]
  0x000001609acd25b0 JavaThread "Sweeper thread" daemon [_thread_blocked, id=17700, stack(0x0000003002f00000,0x0000003003000000)]
  0x000001609adb0ec0 JavaThread "C1 CompilerThread1" daemon [_thread_blocked, id=17704, stack(0x0000003003000000,0x0000003003100000)]
  0x000001609ae93db0 JavaThread "Notification Thread" daemon [_thread_blocked, id=17708, stack(0x0000003003100000,0x0000003003200000)]
  0x000001609ae99560 JavaThread "Common-Cleaner" daemon [_thread_blocked, id=17716, stack(0x0000003003300000,0x0000003003400000)]
  0x000001609aeaa9c0 JavaThread "C2 CompilerThread1" daemon [_thread_blocked, id=17720, stack(0x0000003003400000,0x0000003003500000)]
  0x000001609af01060 JavaThread "C1 CompilerThread2" daemon [_thread_blocked, id=17724, stack(0x0000003003500000,0x0000003003600000)]
  0x000001609b25ae80 JavaThread "C1 CompilerThread3" daemon [_thread_blocked, id=17728, stack(0x0000003003600000,0x0000003003700000)]
=>0x000001609b48cd10 JavaThread "C2 CompilerThread2" daemon [_thread_in_native, id=17752, stack(0x0000003003c00000,0x0000003003d00000)]

Other Threads:
  0x000001609ac4fa00 VMThread "VM Thread" [stack: 0x0000003002600000,0x0000003002700000] [id=17664]
  0x000001609ae98ed0 WatcherThread [stack: 0x0000003003200000,0x0000003003300000] [id=17712]
  0x00000160fa8cb760 GCTaskThread "GC Thread#0" [stack: 0x0000003002100000,0x0000003002200000] [id=17644]
  0x000001609af82d90 GCTaskThread "GC Thread#1" [stack: 0x0000003003700000,0x0000003003800000] [id=17732]
  0x000001609b38c340 GCTaskThread "GC Thread#2" [stack: 0x0000003003800000,0x0000003003900000] [id=17736]
  0x000001609b38ce10 GCTaskThread "GC Thread#3" [stack: 0x0000003003900000,0x0000003003a00000] [id=17740]
  0x000001609b33cb80 GCTaskThread "GC Thread#4" [stack: 0x0000003003a00000,0x0000003003b00000] [id=17744]
  0x000001609b33ce30 GCTaskThread "GC Thread#5" [stack: 0x0000003003b00000,0x0000003003c00000] [id=17748]
  0x00000160fa8dc0b0 ConcurrentGCThread "G1 Main Marker" [stack: 0x0000003002200000,0x0000003002300000] [id=17648]
  0x00000160fa8dcac0 ConcurrentGCThread "G1 Conc#0" [stack: 0x0000003002300000,0x0000003002400000] [id=17652]
  0x0000016099dc7d40 ConcurrentGCThread "G1 Refine#0" [stack: 0x0000003002400000,0x0000003002500000] [id=17656]
  0x0000016099dc8760 ConcurrentGCThread "G1 Service" [stack: 0x0000003002500000,0x0000003002600000] [id=17660]

Threads with active compile tasks:
C2 CompilerThread2      963 1711   !   4       jdk.internal.loader.URLClassPath$JarLoader::getResource (65 bytes)

VM state: not at safepoint (normal execution)

VM Mutex/Monitor currently owned by a thread: None

Heap address: 0x0000000705e00000, size: 4002 MB, Compressed Oops mode: Zero based, Oop shift amount: 3

CDS archive(s) not mapped
Compressed class space mapped at: 0x0000000800000000-0x0000000840000000, reserved size: 1073741824
Narrow klass base: 0x0000000800000000, Narrow klass shift: 0, Narrow klass range: 0x40000000

GC Precious Log:
 CPUs: 20 total, 20 available
 Memory: 16004M
 Large Page Support: Disabled
 NUMA Support: Disabled
 Compressed Oops: Enabled (Zero based)
 Heap Region Size: 2M
 Heap Min Capacity: 8M
 Heap Initial Capacity: 252M
 Heap Max Capacity: 4002M
 Pre-touch: Disabled
 Parallel Workers: 15
 Concurrent Workers: 4
 Concurrent Refinement Workers: 15
 Periodic GC: Disabled

Heap:
 garbage-first heap   total 258048K, used 35296K [0x0000000705e00000, 0x0000000800000000)
  region size 2048K, 17 young (34816K), 2 survivors (4096K)
 Metaspace       used 19276K, committed 19392K, reserved 1073152K
  class space    used 2057K, committed 2112K, reserved 1048576K

Heap Regions: E=young(eden), S=young(survivor), O=old, HS=humongous(starts), HC=humongous(continues), CS=collection set, F=free, OA=open archive, CA=closed archive, TAMS=top-at-mark-start (previous, next)
|   0|0x0000000705e00000, 0x0000000706000000, 0x0000000706000000|100%|HS|  |TAMS 0x0000000705e00000, 0x0000000705e00000| Complete 
|   1|0x0000000706000000, 0x0000000706200000, 0x0000000706200000|100%|HC|  |TAMS 0x0000000706000000, 0x0000000706000000| Complete 
|   2|0x0000000706200000, 0x0000000706200000, 0x0000000706400000|  0%| F|  |TAMS 0x0000000706200000, 0x0000000706200000| Untracked 
|   3|0x0000000706400000, 0x0000000706400000, 0x0000000706600000|  0%| F|  |TAMS 0x0000000706400000, 0x0000000706400000| Untracked 
|   4|0x0000000706600000, 0x0000000706600000, 0x0000000706800000|  0%| F|  |TAMS 0x0000000706600000, 0x0000000706600000| Untracked 
|   5|0x0000000706800000, 0x0000000706800000, 0x0000000706a00000|  0%| F|  |TAMS 0x0000000706800000, 0x0000000706800000| Untracked 
|   6|0x0000000706a00000, 0x0000000706a00000, 0x0000000706c00000|  0%| F|  |TAMS 0x0000000706a00000, 0x0000000706a00000| Untracked 
|   7|0x0000000706c00000, 0x0000000706c00000, 0x0000000706e00000|  0%| F|  |TAMS 0x0000000706c00000, 0x0000000706c00000| Untracked 
|   8|0x0000000706e00000, 0x0000000706e00000, 0x0000000707000000|  0%| F|  |TAMS 0x0000000706e00000, 0x0000000706e00000| Untracked 
|   9|0x0000000707000000, 0x0000000707000000, 0x0000000707200000|  0%| F|  |TAMS 0x0000000707000000, 0x0000000707000000| Untracked 
|  10|0x0000000707200000, 0x0000000707200000, 0x0000000707400000|  0%| F|  |TAMS 0x0000000707200000, 0x0000000707200000| Untracked 
|  11|0x0000000707400000, 0x0000000707400000, 0x0000000707600000|  0%| F|  |TAMS 0x0000000707400000, 0x0000000707400000| Untracked 
|  12|0x0000000707600000, 0x0000000707600000, 0x0000000707800000|  0%| F|  |TAMS 0x0000000707600000, 0x0000000707600000| Untracked 
|  13|0x0000000707800000, 0x0000000707800000, 0x0000000707a00000|  0%| F|  |TAMS 0x0000000707800000, 0x0000000707800000| Untracked 
|  14|0x0000000707a00000, 0x0000000707a00000, 0x0000000707c00000|  0%| F|  |TAMS 0x0000000707a00000, 0x0000000707a00000| Untracked 
|  15|0x0000000707c00000, 0x0000000707c00000, 0x0000000707e00000|  0%| F|  |TAMS 0x0000000707c00000, 0x0000000707c00000| Untracked 
|  16|0x0000000707e00000, 0x0000000707e00000, 0x0000000708000000|  0%| F|  |TAMS 0x0000000707e00000, 0x0000000707e00000| Untracked 
|  17|0x0000000708000000, 0x0000000708000000, 0x0000000708200000|  0%| F|  |TAMS 0x0000000708000000, 0x0000000708000000| Untracked 
|  18|0x0000000708200000, 0x0000000708200000, 0x0000000708400000|  0%| F|  |TAMS 0x0000000708200000, 0x0000000708200000| Untracked 
|  19|0x0000000708400000, 0x0000000708400000, 0x0000000708600000|  0%| F|  |TAMS 0x0000000708400000, 0x0000000708400000| Untracked 
|  20|0x0000000708600000, 0x0000000708600000, 0x0000000708800000|  0%| F|  |TAMS 0x0000000708600000, 0x0000000708600000| Untracked 
|  21|0x0000000708800000, 0x0000000708800000, 0x0000000708a00000|  0%| F|  |TAMS 0x0000000708800000, 0x0000000708800000| Untracked 
|  22|0x0000000708a00000, 0x0000000708a00000, 0x0000000708c00000|  0%| F|  |TAMS 0x0000000708a00000, 0x0000000708a00000| Untracked 
|  23|0x0000000708c00000, 0x0000000708c00000, 0x0000000708e00000|  0%| F|  |TAMS 0x0000000708c00000, 0x0000000708c00000| Untracked 
|  24|0x0000000708e00000, 0x0000000708e00000, 0x0000000709000000|  0%| F|  |TAMS 0x0000000708e00000, 0x0000000708e00000| Untracked 
|  25|0x0000000709000000, 0x0000000709000000, 0x0000000709200000|  0%| F|  |TAMS 0x0000000709000000, 0x0000000709000000| Untracked 
|  26|0x0000000709200000, 0x0000000709200000, 0x0000000709400000|  0%| F|  |TAMS 0x0000000709200000, 0x0000000709200000| Untracked 
|  27|0x0000000709400000, 0x0000000709400000, 0x0000000709600000|  0%| F|  |TAMS 0x0000000709400000, 0x0000000709400000| Untracked 
|  28|0x0000000709600000, 0x0000000709600000, 0x0000000709800000|  0%| F|  |TAMS 0x0000000709600000, 0x0000000709600000| Untracked 
|  29|0x0000000709800000, 0x0000000709800000, 0x0000000709a00000|  0%| F|  |TAMS 0x0000000709800000, 0x0000000709800000| Untracked 
|  30|0x0000000709a00000, 0x0000000709a00000, 0x0000000709c00000|  0%| F|  |TAMS 0x0000000709a00000, 0x0000000709a00000| Untracked 
|  31|0x0000000709c00000, 0x0000000709c00000, 0x0000000709e00000|  0%| F|  |TAMS 0x0000000709c00000, 0x0000000709c00000| Untracked 
|  32|0x0000000709e00000, 0x0000000709e00000, 0x000000070a000000|  0%| F|  |TAMS 0x0000000709e00000, 0x0000000709e00000| Untracked 
|  33|0x000000070a000000, 0x000000070a000000, 0x000000070a200000|  0%| F|  |TAMS 0x000000070a000000, 0x000000070a000000| Untracked 
|  34|0x000000070a200000, 0x000000070a200000, 0x000000070a400000|  0%| F|  |TAMS 0x000000070a200000, 0x000000070a200000| Untracked 
|  35|0x000000070a400000, 0x000000070a400000, 0x000000070a600000|  0%| F|  |TAMS 0x000000070a400000, 0x000000070a400000| Untracked 
|  36|0x000000070a600000, 0x000000070a600000, 0x000000070a800000|  0%| F|  |TAMS 0x000000070a600000, 0x000000070a600000| Untracked 
|  37|0x000000070a800000, 0x000000070a800000, 0x000000070aa00000|  0%| F|  |TAMS 0x000000070a800000, 0x000000070a800000| Untracked 
|  38|0x000000070aa00000, 0x000000070aa00000, 0x000000070ac00000|  0%| F|  |TAMS 0x000000070aa00000, 0x000000070aa00000| Untracked 
|  39|0x000000070ac00000, 0x000000070ac00000, 0x000000070ae00000|  0%| F|  |TAMS 0x000000070ac00000, 0x000000070ac00000| Untracked 
|  40|0x000000070ae00000, 0x000000070ae00000, 0x000000070b000000|  0%| F|  |TAMS 0x000000070ae00000, 0x000000070ae00000| Untracked 
|  41|0x000000070b000000, 0x000000070b000000, 0x000000070b200000|  0%| F|  |TAMS 0x000000070b000000, 0x000000070b000000| Untracked 
|  42|0x000000070b200000, 0x000000070b200000, 0x000000070b400000|  0%| F|  |TAMS 0x000000070b200000, 0x000000070b200000| Untracked 
|  43|0x000000070b400000, 0x000000070b400000, 0x000000070b600000|  0%| F|  |TAMS 0x000000070b400000, 0x000000070b400000| Untracked 
|  44|0x000000070b600000, 0x000000070b600000, 0x000000070b800000|  0%| F|  |TAMS 0x000000070b600000, 0x000000070b600000| Untracked 
|  45|0x000000070b800000, 0x000000070b800000, 0x000000070ba00000|  0%| F|  |TAMS 0x000000070b800000, 0x000000070b800000| Untracked 
|  46|0x000000070ba00000, 0x000000070ba00000, 0x000000070bc00000|  0%| F|  |TAMS 0x000000070ba00000, 0x000000070ba00000| Untracked 
|  47|0x000000070bc00000, 0x000000070bc00000, 0x000000070be00000|  0%| F|  |TAMS 0x000000070bc00000, 0x000000070bc00000| Untracked 
|  48|0x000000070be00000, 0x000000070be00000, 0x000000070c000000|  0%| F|  |TAMS 0x000000070be00000, 0x000000070be00000| Untracked 
|  49|0x000000070c000000, 0x000000070c000000, 0x000000070c200000|  0%| F|  |TAMS 0x000000070c000000, 0x000000070c000000| Untracked 
|  50|0x000000070c200000, 0x000000070c200000, 0x000000070c400000|  0%| F|  |TAMS 0x000000070c200000, 0x000000070c200000| Untracked 
|  51|0x000000070c400000, 0x000000070c400000, 0x000000070c600000|  0%| F|  |TAMS 0x000000070c400000, 0x000000070c400000| Untracked 
|  52|0x000000070c600000, 0x000000070c600000, 0x000000070c800000|  0%| F|  |TAMS 0x000000070c600000, 0x000000070c600000| Untracked 
|  53|0x000000070c800000, 0x000000070c800000, 0x000000070ca00000|  0%| F|  |TAMS 0x000000070c800000, 0x000000070c800000| Untracked 
|  54|0x000000070ca00000, 0x000000070ca00000, 0x000000070cc00000|  0%| F|  |TAMS 0x000000070ca00000, 0x000000070ca00000| Untracked 
|  55|0x000000070cc00000, 0x000000070cc00000, 0x000000070ce00000|  0%| F|  |TAMS 0x000000070cc00000, 0x000000070cc00000| Untracked 
|  56|0x000000070ce00000, 0x000000070ce00000, 0x000000070d000000|  0%| F|  |TAMS 0x000000070ce00000, 0x000000070ce00000| Untracked 
|  57|0x000000070d000000, 0x000000070d000000, 0x000000070d200000|  0%| F|  |TAMS 0x000000070d000000, 0x000000070d000000| Untracked 
|  58|0x000000070d200000, 0x000000070d200000, 0x000000070d400000|  0%| F|  |TAMS 0x000000070d200000, 0x000000070d200000| Untracked 
|  59|0x000000070d400000, 0x000000070d400000, 0x000000070d600000|  0%| F|  |TAMS 0x000000070d400000, 0x000000070d400000| Untracked 
|  60|0x000000070d600000, 0x000000070d600000, 0x000000070d800000|  0%| F|  |TAMS 0x000000070d600000, 0x000000070d600000| Untracked 
|  61|0x000000070d800000, 0x000000070d800000, 0x000000070da00000|  0%| F|  |TAMS 0x000000070d800000, 0x000000070d800000| Untracked 
|  62|0x000000070da00000, 0x000000070da00000, 0x000000070dc00000|  0%| F|  |TAMS 0x000000070da00000, 0x000000070da00000| Untracked 
|  63|0x000000070dc00000, 0x000000070dc00000, 0x000000070de00000|  0%| F|  |TAMS 0x000000070dc00000, 0x000000070dc00000| Untracked 
|  64|0x000000070de00000, 0x000000070de00000, 0x000000070e000000|  0%| F|  |TAMS 0x000000070de00000, 0x000000070de00000| Untracked 
|  65|0x000000070e000000, 0x000000070e000000, 0x000000070e200000|  0%| F|  |TAMS 0x000000070e000000, 0x000000070e000000| Untracked 
|  66|0x000000070e200000, 0x000000070e200000, 0x000000070e400000|  0%| F|  |TAMS 0x000000070e200000, 0x000000070e200000| Untracked 
|  67|0x000000070e400000, 0x000000070e400000, 0x000000070e600000|  0%| F|  |TAMS 0x000000070e400000, 0x000000070e400000| Untracked 
|  68|0x000000070e600000, 0x000000070e600000, 0x000000070e800000|  0%| F|  |TAMS 0x000000070e600000, 0x000000070e600000| Untracked 
|  69|0x000000070e800000, 0x000000070e800000, 0x000000070ea00000|  0%| F|  |TAMS 0x000000070e800000, 0x000000070e800000| Untracked 
|  70|0x000000070ea00000, 0x000000070ea00000, 0x000000070ec00000|  0%| F|  |TAMS 0x000000070ea00000, 0x000000070ea00000| Untracked 
|  71|0x000000070ec00000, 0x000000070ec00000, 0x000000070ee00000|  0%| F|  |TAMS 0x000000070ec00000, 0x000000070ec00000| Untracked 
|  72|0x000000070ee00000, 0x000000070ee00000, 0x000000070f000000|  0%| F|  |TAMS 0x000000070ee00000, 0x000000070ee00000| Untracked 
|  73|0x000000070f000000, 0x000000070f000000, 0x000000070f200000|  0%| F|  |TAMS 0x000000070f000000, 0x000000070f000000| Untracked 
|  74|0x000000070f200000, 0x000000070f200000, 0x000000070f400000|  0%| F|  |TAMS 0x000000070f200000, 0x000000070f200000| Untracked 
|  75|0x000000070f400000, 0x000000070f400000, 0x000000070f600000|  0%| F|  |TAMS 0x000000070f400000, 0x000000070f400000| Untracked 
|  76|0x000000070f600000, 0x000000070f600000, 0x000000070f800000|  0%| F|  |TAMS 0x000000070f600000, 0x000000070f600000| Untracked 
|  77|0x000000070f800000, 0x000000070f800000, 0x000000070fa00000|  0%| F|  |TAMS 0x000000070f800000, 0x000000070f800000| Untracked 
|  78|0x000000070fa00000, 0x000000070fa00000, 0x000000070fc00000|  0%| F|  |TAMS 0x000000070fa00000, 0x000000070fa00000| Untracked 
|  79|0x000000070fc00000, 0x000000070fc00000, 0x000000070fe00000|  0%| F|  |TAMS 0x000000070fc00000, 0x000000070fc00000| Untracked 
|  80|0x000000070fe00000, 0x000000070fe00000, 0x0000000710000000|  0%| F|  |TAMS 0x000000070fe00000, 0x000000070fe00000| Untracked 
|  81|0x0000000710000000, 0x0000000710000000, 0x0000000710200000|  0%| F|  |TAMS 0x0000000710000000, 0x0000000710000000| Untracked 
|  82|0x0000000710200000, 0x0000000710200000, 0x0000000710400000|  0%| F|  |TAMS 0x0000000710200000, 0x0000000710200000| Untracked 
|  83|0x0000000710400000, 0x0000000710400000, 0x0000000710600000|  0%| F|  |TAMS 0x0000000710400000, 0x0000000710400000| Untracked 
|  84|0x0000000710600000, 0x0000000710600000, 0x0000000710800000|  0%| F|  |TAMS 0x0000000710600000, 0x0000000710600000| Untracked 
|  85|0x0000000710800000, 0x0000000710800000, 0x0000000710a00000|  0%| F|  |TAMS 0x0000000710800000, 0x0000000710800000| Untracked 
|  86|0x0000000710a00000, 0x0000000710a00000, 0x0000000710c00000|  0%| F|  |TAMS 0x0000000710a00000, 0x0000000710a00000| Untracked 
|  87|0x0000000710c00000, 0x0000000710c00000, 0x0000000710e00000|  0%| F|  |TAMS 0x0000000710c00000, 0x0000000710c00000| Untracked 
|  88|0x0000000710e00000, 0x0000000710e00000, 0x0000000711000000|  0%| F|  |TAMS 0x0000000710e00000, 0x0000000710e00000| Untracked 
|  89|0x0000000711000000, 0x0000000711000000, 0x0000000711200000|  0%| F|  |TAMS 0x0000000711000000, 0x0000000711000000| Untracked 
|  90|0x0000000711200000, 0x0000000711200000, 0x0000000711400000|  0%| F|  |TAMS 0x0000000711200000, 0x0000000711200000| Untracked 
|  91|0x0000000711400000, 0x0000000711400000, 0x0000000711600000|  0%| F|  |TAMS 0x0000000711400000, 0x0000000711400000| Untracked 
|  92|0x0000000711600000, 0x0000000711600000, 0x0000000711800000|  0%| F|  |TAMS 0x0000000711600000, 0x0000000711600000| Untracked 
|  93|0x0000000711800000, 0x0000000711800000, 0x0000000711a00000|  0%| F|  |TAMS 0x0000000711800000, 0x0000000711800000| Untracked 
|  94|0x0000000711a00000, 0x0000000711a00000, 0x0000000711c00000|  0%| F|  |TAMS 0x0000000711a00000, 0x0000000711a00000| Untracked 
|  95|0x0000000711c00000, 0x0000000711c00000, 0x0000000711e00000|  0%| F|  |TAMS 0x0000000711c00000, 0x0000000711c00000| Untracked 
|  96|0x0000000711e00000, 0x0000000711e00000, 0x0000000712000000|  0%| F|  |TAMS 0x0000000711e00000, 0x0000000711e00000| Untracked 
|  97|0x0000000712000000, 0x0000000712000000, 0x0000000712200000|  0%| F|  |TAMS 0x0000000712000000, 0x0000000712000000| Untracked 
|  98|0x0000000712200000, 0x0000000712200000, 0x0000000712400000|  0%| F|  |TAMS 0x0000000712200000, 0x0000000712200000| Untracked 
|  99|0x0000000712400000, 0x0000000712400000, 0x0000000712600000|  0%| F|  |TAMS 0x0000000712400000, 0x0000000712400000| Untracked 
| 100|0x0000000712600000, 0x0000000712600000, 0x0000000712800000|  0%| F|  |TAMS 0x0000000712600000, 0x0000000712600000| Untracked 
| 101|0x0000000712800000, 0x0000000712800000, 0x0000000712a00000|  0%| F|  |TAMS 0x0000000712800000, 0x0000000712800000| Untracked 
| 102|0x0000000712a00000, 0x0000000712a00000, 0x0000000712c00000|  0%| F|  |TAMS 0x0000000712a00000, 0x0000000712a00000| Untracked 
| 103|0x0000000712c00000, 0x0000000712c00000, 0x0000000712e00000|  0%| F|  |TAMS 0x0000000712c00000, 0x0000000712c00000| Untracked 
| 104|0x0000000712e00000, 0x0000000712e00000, 0x0000000713000000|  0%| F|  |TAMS 0x0000000712e00000, 0x0000000712e00000| Untracked 
| 105|0x0000000713000000, 0x0000000713000000, 0x0000000713200000|  0%| F|  |TAMS 0x0000000713000000, 0x0000000713000000| Untracked 
| 106|0x0000000713200000, 0x0000000713200000, 0x0000000713400000|  0%| F|  |TAMS 0x0000000713200000, 0x0000000713200000| Untracked 
| 107|0x0000000713400000, 0x0000000713400000, 0x0000000713600000|  0%| F|  |TAMS 0x0000000713400000, 0x0000000713400000| Untracked 
| 108|0x0000000713600000, 0x0000000713600000, 0x0000000713800000|  0%| F|  |TAMS 0x0000000713600000, 0x0000000713600000| Untracked 
| 109|0x0000000713800000, 0x00000007138c3288, 0x0000000713a00000| 38%| E|  |TAMS 0x0000000713800000, 0x0000000713800000| Complete 
| 110|0x0000000713a00000, 0x0000000713c00000, 0x0000000713c00000|100%| E|CS|TAMS 0x0000000713a00000, 0x0000000713a00000| Complete 
| 111|0x0000000713c00000, 0x0000000713e00000, 0x0000000713e00000|100%| E|CS|TAMS 0x0000000713c00000, 0x0000000713c00000| Complete 
| 112|0x0000000713e00000, 0x0000000714000000, 0x0000000714000000|100%| E|CS|TAMS 0x0000000713e00000, 0x0000000713e00000| Complete 
| 113|0x0000000714000000, 0x0000000714078000, 0x0000000714200000| 23%| S|CS|TAMS 0x0000000714000000, 0x0000000714000000| Complete 
| 114|0x0000000714200000, 0x0000000714400000, 0x0000000714400000|100%| S|CS|TAMS 0x0000000714200000, 0x0000000714200000| Complete 
| 115|0x0000000714400000, 0x0000000714600000, 0x0000000714600000|100%| E|CS|TAMS 0x0000000714400000, 0x0000000714400000| Complete 
| 116|0x0000000714600000, 0x0000000714800000, 0x0000000714800000|100%| E|CS|TAMS 0x0000000714600000, 0x0000000714600000| Complete 
| 117|0x0000000714800000, 0x0000000714a00000, 0x0000000714a00000|100%| E|CS|TAMS 0x0000000714800000, 0x0000000714800000| Complete 
| 118|0x0000000714a00000, 0x0000000714c00000, 0x0000000714c00000|100%| E|CS|TAMS 0x0000000714a00000, 0x0000000714a00000| Complete 
| 119|0x0000000714c00000, 0x0000000714e00000, 0x0000000714e00000|100%| E|CS|TAMS 0x0000000714c00000, 0x0000000714c00000| Complete 
| 120|0x0000000714e00000, 0x0000000715000000, 0x0000000715000000|100%| E|CS|TAMS 0x0000000714e00000, 0x0000000714e00000| Complete 
| 121|0x0000000715000000, 0x0000000715200000, 0x0000000715200000|100%| E|CS|TAMS 0x0000000715000000, 0x0000000715000000| Complete 
| 122|0x0000000715200000, 0x0000000715400000, 0x0000000715400000|100%| E|CS|TAMS 0x0000000715200000, 0x0000000715200000| Complete 
| 123|0x0000000715400000, 0x0000000715600000, 0x0000000715600000|100%| E|CS|TAMS 0x0000000715400000, 0x0000000715400000| Complete 
| 124|0x0000000715600000, 0x0000000715800000, 0x0000000715800000|100%| E|CS|TAMS 0x0000000715600000, 0x0000000715600000| Complete 
| 125|0x0000000715800000, 0x0000000715a00000, 0x0000000715a00000|100%| E|CS|TAMS 0x0000000715800000, 0x0000000715800000| Complete 

Card table byte_map: [0x00000160fefa0000,0x00000160ff780000] _byte_map_base: 0x00000160fb771000

Marking Bits (Prev, Next): (CMBitMap*) 0x00000160fa8cbd70, (CMBitMap*) 0x00000160fa8cbdb0
 Prev Bits: [0x000001608f000000, 0x0000016092e88000)
 Next Bits: [0x0000016092e90000, 0x0000016096d18000)

Polling page: 0x00000160f8780000

Metaspace:

Usage:
  Non-class:     16.83 MB used.
      Class:      2.01 MB used.
       Both:     18.84 MB used.

Virtual space:
  Non-class space:       24.00 MB reserved,      16.88 MB ( 70%) committed,  3 nodes.
      Class space:        1.00 GB reserved,       2.06 MB ( <1%) committed,  1 nodes.
             Both:        1.02 GB reserved,      18.94 MB (  2%) committed. 

Chunk freelists:
   Non-Class:  2.56 MB
       Class:  1.78 MB
        Both:  4.34 MB

MaxMetaspaceSize: unlimited
CompressedClassSpaceSize: 1.00 GB
Initial GC threshold: 21.00 MB
Current GC threshold: 21.00 MB
CDS: off
MetaspaceReclaimPolicy: balanced
 - commit_granule_bytes: 65536.
 - commit_granule_words: 8192.
 - virtual_space_node_default_size: 1048576.
 - enlarge_chunks_in_place: 1.
 - new_chunks_are_fully_committed: 0.
 - uncommit_free_chunks: 1.
 - use_allocation_guard: 0.
 - handle_deallocations: 1.


Internal statistics:

num_allocs_failed_limit: 0.
num_arena_births: 46.
num_arena_deaths: 0.
num_vsnodes_births: 4.
num_vsnodes_deaths: 0.
num_space_committed: 303.
num_space_uncommitted: 0.
num_chunks_returned_to_freelist: 0.
num_chunks_taken_from_freelist: 430.
num_chunk_merges: 0.
num_chunk_splits: 350.
num_chunks_enlarged: 317.
num_purges: 0.
num_inconsistent_stats: 0.

CodeHeap 'non-profiled nmethods': size=119168Kb used=488Kb max_used=488Kb free=118679Kb
 bounds [0x0000016087ba0000, 0x0000016087e10000, 0x000001608f000000]
CodeHeap 'profiled nmethods': size=119104Kb used=3526Kb max_used=3526Kb free=115577Kb
 bounds [0x0000016080000000, 0x0000016080380000, 0x0000016087450000]
CodeHeap 'non-nmethods': size=7488Kb used=2876Kb max_used=2905Kb free=4611Kb
 bounds [0x0000016087450000, 0x0000016087730000, 0x0000016087ba0000]
 total_blobs=2198 nmethods=1718 adapters=389
 compilation: enabled
              stopped_count=0, restarted_count=0
 full_count=0

Compilation events (20 events):
Event: 0.913 Thread 0x000001609acbd6f0 nmethod 1708 0x0000016087c14c10 code [0x0000016087c14dc0, 0x0000016087c154e8]
Event: 0.913 Thread 0x000001609aeaa9c0 1710       4       java.util.jar.JarFile::getEntry (35 bytes)
Event: 0.914 Thread 0x000001609b48cd10 1711   !   4       jdk.internal.loader.URLClassPath$JarLoader::getResource (65 bytes)
Event: 0.919 Thread 0x000001609adb0ec0 1712       3       java.util.HashSet::<init> (18 bytes)
Event: 0.919 Thread 0x000001609adb0ec0 nmethod 1712 0x0000016080370b90 code [0x0000016080370d60, 0x0000016080371108]
Event: 0.922 Thread 0x000001609acbd6f0 1713       4       java.util.Arrays::copyOf (19 bytes)
Event: 0.924 Thread 0x000001609acbd6f0 nmethod 1713 0x0000016087c15810 code [0x0000016087c159a0, 0x0000016087c15c58]
Event: 0.932 Thread 0x000001609accfbb0 1714       3       kotlin.collections.SetsKt__SetsKt::emptySet (7 bytes)
Event: 0.932 Thread 0x000001609accfbb0 nmethod 1714 0x0000016080371290 code [0x0000016080371420, 0x0000016080371518]
Event: 0.934 Thread 0x000001609acbd6f0 1715       4       java.util.WeakHashMap::hash (28 bytes)
Event: 0.935 Thread 0x000001609acbd6f0 nmethod 1715 0x0000016087c15d90 code [0x0000016087c15f20, 0x0000016087c16038]
Event: 0.935 Thread 0x000001609acbd6f0 1716   !   4       java.util.WeakHashMap::expungeStaleEntries (139 bytes)
Event: 0.936 Thread 0x000001609acbd6f0 nmethod 1716 0x0000016087c16110 code [0x0000016087c162a0, 0x0000016087c165a8]
Event: 0.937 Thread 0x000001609acbd6f0 1717       4       java.lang.String::regionMatches (150 bytes)
Event: 0.941 Thread 0x000001609aeaa9c0 nmethod 1710 0x0000016087c16710 code [0x0000016087c169c0, 0x0000016087c18328]
Event: 0.942 Thread 0x000001609accfbb0 1718       3       kotlin.collections.MapsKt__MapsJVMKt::mapCapacity (40 bytes)
Event: 0.942 Thread 0x000001609accfbb0 nmethod 1718 0x0000016080371590 code [0x0000016080371760, 0x00000160803719d8]
Event: 0.946 Thread 0x000001609aeaa9c0 1719       4       java.util.jar.JarFile::maybeInstantiateVerifier (42 bytes)
Event: 0.948 Thread 0x000001609aeaa9c0 nmethod 1719 0x0000016087c19010 code [0x0000016087c191a0, 0x0000016087c19288]
Event: 0.948 Thread 0x000001609acbd6f0 nmethod 1717 0x0000016087c19390 code [0x0000016087c19540, 0x0000016087c19cd8]

GC Heap History (2 events):
Event: 0.422 GC heap before
{Heap before GC invocations=0 (full 0):
 garbage-first heap   total 258048K, used 24576K [0x0000000705e00000, 0x0000000800000000)
  region size 2048K, 11 young (22528K), 0 survivors (0K)
 Metaspace       used 12522K, committed 12736K, reserved 1064960K
  class space    used 1189K, committed 1280K, reserved 1048576K
}
Event: 0.424 GC heap after
{Heap after GC invocations=1 (full 0):
 garbage-first heap   total 258048K, used 6624K [0x0000000705e00000, 0x0000000800000000)
  region size 2048K, 2 young (4096K), 2 survivors (4096K)
 Metaspace       used 12522K, committed 12736K, reserved 1064960K
  class space    used 1189K, committed 1280K, reserved 1048576K
}

Dll operation events (1 events):
Event: 0.004 Loaded shared library C:\Program Files\Android\Android Studio\jbr\bin\java.dll

Deoptimization events (20 events):
Event: 0.442 Thread 0x00000160fa85e700 DEOPT PACKING pc=0x0000016087bb9bd8 sp=0x00000030020fdc80
Event: 0.442 Thread 0x00000160fa85e700 DEOPT UNPACKING pc=0x00000160874a69a3 sp=0x00000030020fdc18 mode 2
Event: 0.506 Thread 0x00000160fa85e700 Uncommon trap: trap_request=0xffffff45 fr.pc=0x0000016087bce524 relative=0x0000000000000204
Event: 0.506 Thread 0x00000160fa85e700 Uncommon trap: reason=unstable_if action=reinterpret pc=0x0000016087bce524 method=kotlin.reflect.jvm.internal.impl.protobuf.CodedInputStream.readRawVarint32()I @ 69 c2
Event: 0.506 Thread 0x00000160fa85e700 DEOPT PACKING pc=0x0000016087bce524 sp=0x00000030020fbd80
Event: 0.506 Thread 0x00000160fa85e700 DEOPT UNPACKING pc=0x00000160874a69a3 sp=0x00000030020fbd08 mode 2
Event: 0.541 Thread 0x00000160fa85e700 Uncommon trap: trap_request=0xffffff45 fr.pc=0x0000016087bc9014 relative=0x00000000000003d4
Event: 0.541 Thread 0x00000160fa85e700 Uncommon trap: reason=unstable_if action=reinterpret pc=0x0000016087bc9014 method=java.util.concurrent.ConcurrentHashMap.get(Ljava/lang/Object;)Ljava/lang/Object; @ 76 c2
Event: 0.541 Thread 0x00000160fa85e700 DEOPT PACKING pc=0x0000016087bc9014 sp=0x00000030020fc530
Event: 0.542 Thread 0x00000160fa85e700 DEOPT UNPACKING pc=0x00000160874a69a3 sp=0x00000030020fc4b8 mode 2
Event: 0.592 Thread 0x00000160fa85e700 Uncommon trap: trap_request=0xffffff45 fr.pc=0x0000016087bd964c relative=0x000000000000050c
Event: 0.592 Thread 0x00000160fa85e700 Uncommon trap: reason=unstable_if action=reinterpret pc=0x0000016087bd964c method=java.util.ArrayList.grow(I)[Ljava/lang/Object; @ 17 c2
Event: 0.592 Thread 0x00000160fa85e700 DEOPT PACKING pc=0x0000016087bd964c sp=0x00000030020fdd70
Event: 0.592 Thread 0x00000160fa85e700 DEOPT UNPACKING pc=0x00000160874a69a3 sp=0x00000030020fdbf8 mode 2
Event: 0.669 Thread 0x00000160fa85e700 Uncommon trap: trap_request=0xffffff45 fr.pc=0x0000016087bc2508 relative=0x0000000000000268
Event: 0.669 Thread 0x00000160fa85e700 Uncommon trap: reason=unstable_if action=reinterpret pc=0x0000016087bc2508 method=java.lang.String.startsWith(Ljava/lang/String;I)Z @ 14 c2
Event: 0.669 Thread 0x00000160fa85e700 DEOPT PACKING pc=0x0000016087bc2508 sp=0x00000030020fcbb0
Event: 0.669 Thread 0x00000160fa85e700 DEOPT UNPACKING pc=0x00000160874a69a3 sp=0x00000030020fcb10 mode 2
Event: 0.733 Thread 0x00000160fa85e700 DEOPT PACKING pc=0x00000160802ee1b4 sp=0x00000030020fe0c0
Event: 0.733 Thread 0x00000160fa85e700 DEOPT UNPACKING pc=0x00000160874a7143 sp=0x00000030020fd690 mode 0

Classes unloaded (0 events):
No events

Classes redefined (0 events):
No events

Internal exceptions (3 events):
Event: 0.699 Thread 0x00000160fa85e700 Exception <a 'java/lang/NoSuchMethodError'{0x0000000714968ce0}: 'java.lang.Object java.lang.invoke.DirectMethodHandle$Holder.newInvokeSpecial(java.lang.Object, java.lang.Object, java.lang.Object, java.lang.Object, java.lang.Object)'> (0x0000000714968ce0) 
thrown [s\src\hotspot\share\interpreter\linkResolver.cpp, line 771]
Event: 0.875 Thread 0x00000160fa85e700 Exception <a 'java/lang/NoSuchMethodError'{0x0000000713c8d370}: 'int java.lang.invoke.DirectMethodHandle$Holder.invokeVirtual(java.lang.Object, java.lang.Object, java.lang.Object)'> (0x0000000713c8d370) 
thrown [s\src\hotspot\share\interpreter\linkResolver.cpp, line 771]
Event: 0.899 Thread 0x00000160fa85e700 Exception <a 'java/lang/NoSuchMethodError'{0x0000000713d0b8f8}: 'java.lang.Object java.lang.invoke.DirectMethodHandle$Holder.invokeStaticInit(java.lang.Object)'> (0x0000000713d0b8f8) 
thrown [s\src\hotspot\share\interpreter\linkResolver.cpp, line 771]

VM Operations (18 events):
Event: 0.105 Executing VM operation: HandshakeAllThreads
Event: 0.105 Executing VM operation: HandshakeAllThreads done
Event: 0.334 Executing VM operation: HandshakeAllThreads
Event: 0.334 Executing VM operation: HandshakeAllThreads done
Event: 0.422 Executing VM operation: G1CollectForAllocation
Event: 0.424 Executing VM operation: G1CollectForAllocation done
Event: 0.518 Executing VM operation: HandshakeAllThreads
Event: 0.518 Executing VM operation: HandshakeAllThreads done
Event: 0.625 Executing VM operation: ICBufferFull
Event: 0.625 Executing VM operation: ICBufferFull done
Event: 0.732 Executing VM operation: HandshakeAllThreads
Event: 0.732 Executing VM operation: HandshakeAllThreads done
Event: 0.813 Executing VM operation: ICBufferFull
Event: 0.813 Executing VM operation: ICBufferFull done
Event: 0.830 Executing VM operation: HandshakeAllThreads
Event: 0.830 Executing VM operation: HandshakeAllThreads done
Event: 0.899 Executing VM operation: HandshakeAllThreads
Event: 0.899 Executing VM operation: HandshakeAllThreads done

Events (20 events):
Event: 0.856 loading class java/util/regex/Pattern$SliceS
Event: 0.856 loading class java/util/regex/Pattern$SliceS done
Event: 0.860 loading class java/net/URISyntaxException
Event: 0.860 loading class java/net/URISyntaxException done
Event: 0.863 loading class java/util/Spliterators$IteratorSpliterator
Event: 0.863 loading class java/util/Spliterators$IteratorSpliterator done
Event: 0.864 loading class java/util/stream/MatchOps$MatchKind
Event: 0.864 loading class java/util/stream/MatchOps$MatchKind done
Event: 0.864 loading class java/util/stream/MatchOps
Event: 0.864 loading class java/util/stream/MatchOps done
Event: 0.864 loading class java/util/stream/MatchOps$MatchOp
Event: 0.864 loading class java/util/stream/MatchOps$MatchOp done
Event: 0.864 loading class java/util/stream/MatchOps$BooleanTerminalSink
Event: 0.865 loading class java/util/stream/MatchOps$BooleanTerminalSink done
Event: 0.865 loading class java/util/stream/MatchOps$1MatchSink
Event: 0.865 loading class java/util/stream/MatchOps$1MatchSink done
Event: 0.875 loading class java/lang/invoke/DirectMethodHandle$Special
Event: 0.875 loading class java/lang/invoke/DirectMethodHandle$Special done
Event: 0.900 loading class java/lang/ThreadLocal$SuppliedThreadLocal
Event: 0.900 loading class java/lang/ThreadLocal$SuppliedThreadLocal done


Dynamic libraries:
0x00007ff6eb9c0000 - 0x00007ff6eb9ca000 	C:\Program Files\Android\Android Studio\jbr\bin\java.exe
0x00007ff824f90000 - 0x00007ff8251a6000 	C:\WINDOWS\SYSTEM32\ntdll.dll
0x00007ff823480000 - 0x00007ff823544000 	C:\WINDOWS\System32\KERNEL32.DLL
0x00007ff8226d0000 - 0x00007ff822a77000 	C:\WINDOWS\System32\KERNELBASE.dll
0x00007ff822450000 - 0x00007ff822561000 	C:\WINDOWS\System32\ucrtbase.dll
0x00007ff808d10000 - 0x00007ff808d27000 	C:\Program Files\Android\Android Studio\jbr\bin\jli.dll
0x00007ff800190000 - 0x00007ff8001ab000 	C:\Program Files\Android\Android Studio\jbr\bin\VCRUNTIME140.dll
0x00007ff822fa0000 - 0x00007ff82314e000 	C:\WINDOWS\System32\USER32.dll
0x00007ff80a240000 - 0x00007ff80a4d3000 	C:\WINDOWS\WinSxS\amd64_microsoft.windows.common-controls_6595b64144ccf1df_6.0.22621.3235_none_270f74e173860f98\COMCTL32.dll
0x00007ff822a80000 - 0x00007ff822aa6000 	C:\WINDOWS\System32\win32u.dll
0x00007ff822cc0000 - 0x00007ff822d67000 	C:\WINDOWS\System32\msvcrt.dll
0x00007ff823360000 - 0x00007ff823389000 	C:\WINDOWS\System32\GDI32.dll
0x00007ff822b30000 - 0x00007ff822c49000 	C:\WINDOWS\System32\gdi32full.dll
0x00007ff822570000 - 0x00007ff82260a000 	C:\WINDOWS\System32\msvcp_win.dll
0x00007ff823430000 - 0x00007ff823461000 	C:\WINDOWS\System32\IMM32.DLL
0x00007ff81edb0000 - 0x00007ff81edbc000 	C:\Program Files\Android\Android Studio\jbr\bin\vcruntime140_1.dll
0x00007ffff56f0000 - 0x00007ffff577d000 	C:\Program Files\Android\Android Studio\jbr\bin\msvcp140.dll
0x00007fffa1800000 - 0x00007fffa246e000 	C:\Program Files\Android\Android Studio\jbr\bin\server\jvm.dll
0x00007ff822dd0000 - 0x00007ff822e82000 	C:\WINDOWS\System32\ADVAPI32.dll
0x00007ff824c40000 - 0x00007ff824ce8000 	C:\WINDOWS\System32\sechost.dll
0x00007ff822420000 - 0x00007ff822448000 	C:\WINDOWS\System32\bcrypt.dll
0x00007ff823550000 - 0x00007ff823665000 	C:\WINDOWS\System32\RPCRT4.dll
0x00007ff816ee0000 - 0x00007ff816eea000 	C:\WINDOWS\SYSTEM32\VERSION.dll
0x00007ff81ece0000 - 0x00007ff81ece9000 	C:\WINDOWS\SYSTEM32\WSOCK32.dll
0x00007ff819e30000 - 0x00007ff819e64000 	C:\WINDOWS\SYSTEM32\WINMM.dll
0x00007ff823bc0000 - 0x00007ff823c31000 	C:\WINDOWS\System32\WS2_32.dll
0x00007ff8213a0000 - 0x00007ff8213b8000 	C:\WINDOWS\SYSTEM32\kernel.appcore.dll
0x00007ff81c9e0000 - 0x00007ff81c9ea000 	C:\Program Files\Android\Android Studio\jbr\bin\jimage.dll
0x00007ff81f650000 - 0x00007ff81f883000 	C:\WINDOWS\SYSTEM32\DBGHELP.DLL
0x00007ff823830000 - 0x00007ff823bb8000 	C:\WINDOWS\System32\combase.dll
0x00007ff824cf0000 - 0x00007ff824dc7000 	C:\WINDOWS\System32\OLEAUT32.dll
0x00007ff815b60000 - 0x00007ff815b92000 	C:\WINDOWS\SYSTEM32\dbgcore.DLL
0x00007ff822ab0000 - 0x00007ff822b29000 	C:\WINDOWS\System32\bcryptPrimitives.dll
0x00007ff80f100000 - 0x00007ff80f125000 	C:\Program Files\Android\Android Studio\jbr\bin\java.dll
0x00007ff80fe30000 - 0x00007ff80fe48000 	C:\Program Files\Android\Android Studio\jbr\bin\zip.dll
0x00007ff824350000 - 0x00007ff824bac000 	C:\WINDOWS\System32\SHELL32.dll
0x00007ff8201d0000 - 0x00007ff820ac9000 	C:\WINDOWS\SYSTEM32\windows.storage.dll
0x00007ff820090000 - 0x00007ff8201ce000 	C:\WINDOWS\SYSTEM32\wintypes.dll
0x00007ff823200000 - 0x00007ff8232f3000 	C:\WINDOWS\System32\SHCORE.dll
0x00007ff823c40000 - 0x00007ff823c9e000 	C:\WINDOWS\System32\shlwapi.dll
0x00007ff8221e0000 - 0x00007ff822201000 	C:\WINDOWS\SYSTEM32\profapi.dll
0x00007ff80f950000 - 0x00007ff80f969000 	C:\Program Files\Android\Android Studio\jbr\bin\net.dll
0x00007ff81bce0000 - 0x00007ff81be16000 	C:\WINDOWS\SYSTEM32\WINHTTP.dll
0x00007ff821800000 - 0x00007ff821869000 	C:\WINDOWS\system32\mswsock.dll
0x00007ff80a550000 - 0x00007ff80a566000 	C:\Program Files\Android\Android Studio\jbr\bin\nio.dll

dbghelp: loaded successfully - version: 4.0.5 - missing functions: none
symbol engine: initialized successfully - sym options: 0x614 - pdb path: .;C:\Program Files\Android\Android Studio\jbr\bin;C:\WINDOWS\SYSTEM32;C:\WINDOWS\WinSxS\amd64_microsoft.windows.common-controls_6595b64144ccf1df_6.0.22621.3235_none_270f74e173860f98;C:\Program Files\Android\Android Studio\jbr\bin\server

VM Arguments:
java_command: org.jetbrains.kotlin.cli.jvm.K2JVMCompiler @C:\Users\Hashem Arenat\AndroidStudioProjects\ECommerce\app\build\20240502_1781382366604590298.compiler.options
java_class_path (initial): C:\Users\Hashem Arenat\.gradle\caches\modules-2\files-2.1\org.jetbrains.kotlin\kotlin-compiler-embeddable\1.9.0\2c8c3a7402becca891f12739b3e9fd2dc2adbd7a\kotlin-compiler-embeddable-1.9.0.jar;C:\Users\Hashem Arenat\.gradle\caches\modules-2\files-2.1\org.jetbrains.kotlin\kotlin-stdlib\1.9.0\8ee15ef0c67dc83d874f412d84378d7f0eb50b63\kotlin-stdlib-1.9.0.jar;C:\Users\Hashem Arenat\.gradle\caches\modules-2\files-2.1\org.jetbrains.kotlin\kotlin-script-runtime\1.9.0\4b3102cbbb7e1b58d9d1adf89563f00069ffa7d1\kotlin-script-runtime-1.9.0.jar;C:\Users\Hashem Arenat\.gradle\caches\modules-2\files-2.1\org.jetbrains.kotlin\kotlin-reflect\1.6.10\1cbe9c92c12a94eea200d23c2bbaedaf3daf5132\kotlin-reflect-1.6.10.jar;C:\Users\Hashem Arenat\.gradle\caches\modules-2\files-2.1\org.jetbrains.kotlin\kotlin-daemon-embeddable\1.9.0\186543f5e28cf8d9a0290fecc2cf34301c40a65c\kotlin-daemon-embeddable-1.9.0.jar;C:\Users\Hashem Arenat\.gradle\caches\modules-2\files-2.1\org.jetbrains.intellij.deps\trove4j\1.0.20200330\3afb14d5f9ceb459d724e907a21145e8ff394f02\trove4j-1.0.20200330.jar;C:\Users\Hashem Arenat\.gradle\caches\modules-2\files-2.1\org.jetbrains.kotlin\kotlin-stdlib-common\1.9.0\cd65c21cfd1eec4d44ef09f9f52b6d9f8a720636\kotlin-stdlib-common-1.9.0.jar;C:\Users\Hashem Arenat\.gradle\caches\modules-2\files-2.1\org.jetbrains\annotations\13.0\919f0dfe192fb4e063e7dacadee7f8bb9a2672a9\annotations-13.0.jar
Launcher Type: SUN_STANDARD

[Global flags]
     intx CICompilerCount                          = 12                                        {product} {ergonomic}
     uint ConcGCThreads                            = 4                                         {product} {ergonomic}
     uint G1ConcRefinementThreads                  = 15                                        {product} {ergonomic}
   size_t G1HeapRegionSize                         = 2097152                                   {product} {ergonomic}
    uintx GCDrainStackTargetSize                   = 64                                        {product} {ergonomic}
   size_t InitialHeapSize                          = 264241152                                 {product} {ergonomic}
   size_t MarkStackSize                            = 4194304                                   {product} {ergonomic}
   size_t MaxHeapSize                              = 4196401152                                {product} {ergonomic}
   size_t MaxNewSize                               = 2516582400                                {product} {ergonomic}
   size_t MinHeapDeltaBytes                        = 2097152                                   {product} {ergonomic}
   size_t MinHeapSize                              = 8388608                                   {product} {ergonomic}
    uintx NonNMethodCodeHeapSize                   = 7602480                                {pd product} {ergonomic}
    uintx NonProfiledCodeHeapSize                  = 122027880                              {pd product} {ergonomic}
    uintx ProfiledCodeHeapSize                     = 122027880                              {pd product} {ergonomic}
    uintx ReservedCodeCacheSize                    = 251658240                              {pd product} {ergonomic}
     bool SegmentedCodeCache                       = true                                      {product} {ergonomic}
   size_t SoftMaxHeapSize                          = 4196401152                             {manageable} {ergonomic}
     bool UseCompressedClassPointers               = true                           {product lp64_product} {ergonomic}
     bool UseCompressedOops                        = true                           {product lp64_product} {ergonomic}
     bool UseG1GC                                  = true                                      {product} {ergonomic}
     bool UseLargePagesIndividualAllocation        = false                                  {pd product} {ergonomic}

Logging:
Log output configuration:
 #0: stdout all=warning uptime,level,tags
 #1: stderr all=off uptime,level,tags

Environment Variables:
JAVA_HOME=C:\Program Files\Java\jdk-21
PATH=C:\oraclexe\app\oracle\product\10.2.0\server\bin;D:\DevSuiteHome_1\jdk\jre\bin\classic;D:\DevSuiteHome_1\jdk\jre\bin;D:\DevSuiteHome_1\jdk\jre\bin\client;D:\DevSuiteHome_1\jlib;D:\DevSuiteHome_1\bin;D:\DevSuiteHome_1\jre\1.4.2\bin\client;D:\DevSuiteHome_1\jre\1.4.2\bin;C:\Program Files\Common Files\Oracle\Java\javapath;C:\WINDOWS\system32;C:\WINDOWS;C:\WINDOWS\System32\Wbem;C:\WINDOWS\System32\WindowsPowerShell\v1.0\;C:\WINDOWS\System32\OpenSSH\;C:\MinGW\bin;C:\Program Files\Java\jdk-21\bin;C:\Program Files\Git\cmd;C:\Users\Hashem Arenat\AppData\Local\Microsoft\WindowsApps;C:\AppServ\Apache24\bin;C:\AppServ\php7;C:\AppServ\MySQL\bin;C:\Program Files\Java\jdk-21\bin;C:\scrcpy-win64-v2.2;C:\dart-sdk\bin;C:\Users\Hashem Arenat\AppData\Local\Programs\Microsoft VS Code\bin;C:\flutter\bin;C:\Users\Hashem Arenat\Desktop\cmder\bin;
USERNAME=Hashem 1
OS=Windows_NT
PROCESSOR_IDENTIFIER=Intel64 Family 6 Model 154 Stepping 3, GenuineIntel
TMP=C:\Users\HASHEM~1\AppData\Local\Temp
TEMP=C:\Users\HASHEM~1\AppData\Local\Temp


JNI global refs:
JNI global refs: 16, weak refs: 0

JNI global refs memory usage: 843, weak refs: 841


---------------  S Y S T E M  ---------------

OS:
 Windows 11 , 64 bit Build 22621 (10.0.22621.3374)
OS uptime: 1 days 22:39 hours
Hyper-V role detected

CPU: total 20 (initial active 20) (10 cores per cpu, 2 threads per core) family 6 model 154 stepping 3 microcode 0x429, cx8, cmov, fxsr, ht, mmx, 3dnowpref, sse, sse2, sse3, ssse3, sse4.1, sse4.2, popcnt, lzcnt, tsc, tscinvbit, avx, avx2, aes, erms, clmul, bmi1, bmi2, adx, sha, fma, vzeroupper, clflush, clflushopt, clwb, hv

Memory: 4k page, system-wide physical 16004M (643M free)
TotalPageFile size 18052M (AvailPageFile size 3M)
current process WorkingSet (physical memory assigned to process): 101M, peak: 101M
current process commit charge ("private bytes"): 380M, peak: 380M

vm_info: OpenJDK 64-Bit Server VM (17.0.6+0-b2043.56-10027231) for windows-amd64 JRE (17.0.6+0-b2043.56-10027231), built on Apr 28 2023 00:43:19 by "androidbuild" with MS VC++ 16.10 / 16.11 (VS2019)

END.
